# JRE version: OpenJDK Runtime Environment Temurin-21.0.12.1+1 (21.0.12.1+1) (build 21.0.12.1+1-LTS)
# Java VM: OpenJDK 64-Bit Server VM Temurin-21.0.12.1+1 (21.0.12.1+1-LTS, mixed mode, sharing, tiered, compressed oops, compressed class ptrs, parallel gc, windows-amd64)
GC Precious Log:
 CardTable entry size: 512
 CPUs: 4 total, 4 available
 Memory: 3885M
 Large Page Support: Disabled
 NUMA Support: Disabled
 Compressed Oops: Enabled (32-bit)
 Alignments: Space 512K, Generation 512K, Heap 2M
 Heap Min Capacity: 100M
 Heap Initial Capacity: 100M
 Heap Max Capacity: 2G
 Pre-touch: Disabled
 Parallel Workers: 4
Heap:
 PSYoungGen      total 23040K, used 13002K [0x00000000d5580000, 0x00000000d6f00000, 0x0000000100000000)
  eden space 19968K, 62% used [0x00000000d5580000,0x00000000d619a8d8,0x00000000d6900000)
  from space 3072K, 19% used [0x00000000d6a00000,0x00000000d6a98000,0x00000000d6d00000)
  to   space 1536K, 0% used [0x00000000d6d80000,0x00000000d6d80000,0x00000000d6f00000)
 ParOldGen       total 68608K, used 61398K [0x0000000080000000, 0x0000000084300000, 0x00000000d5580000)
  object space 68608K, 89% used [0x0000000080000000,0x0000000083bf59e0,0x0000000084300000)
 Metaspace       used 66561K, committed 68096K, reserved 1114112K
  class space    used 7249K, committed 7936K, reserved 1048576K
GC Heap History (20 events):
Event: 52.633 GC heap before
{Heap before GC invocations=31 (full 2):
 PSYoungGen      total 20480K, used 20425K [0x00000000d5580000, 0x00000000d6c80000, 0x0000000100000000)
  eden space 19968K, 100% used [0x00000000d5580000,0x00000000d6900000,0x00000000d6900000)
  from space 512K, 89% used [0x00000000d6c00000,0x00000000d6c72728,0x00000000d6c80000)
  to   space 1536K, 0% used [0x00000000d6980000,0x00000000d6980000,0x00000000d6b00000)
 ParOldGen       total 68608K, used 42771K [0x0000000080000000, 0x0000000084300000, 0x00000000d5580000)
  object space 68608K, 62% used [0x0000000080000000,0x00000000829c4f80,0x0000000084300000)
 Metaspace       used 53762K, committed 54976K, reserved 1114112K
  class space    used 5817K, committed 6336K, reserved 1048576K
}
Event: 52.634 GC heap after
{Heap after GC invocations=31 (full 2):
 PSYoungGen      total 21504K, used 360K [0x00000000d5580000, 0x00000000d6c80000, 0x0000000100000000)
  eden space 19968K, 0% used [0x00000000d5580000,0x00000000d5580000,0x00000000d6900000)
  from space 1536K, 23% used [0x00000000d6980000,0x00000000d69da3a8,0x00000000d6b00000)
  to   space 512K, 0% used [0x00000000d6c00000,0x00000000d6c00000,0x00000000d6c80000)
 ParOldGen       total 68608K, used 42795K [0x0000000080000000, 0x0000000084300000, 0x00000000d5580000)
  object space 68608K, 62% used [0x0000000080000000,0x00000000829caf80,0x0000000084300000)
 Metaspace       used 53762K, committed 54976K, reserved 1114112K
  class space    used 5817K, committed 6336K, reserved 1048576K
}
Event: 53.655 GC heap before
{Heap before GC invocations=32 (full 2):
 PSYoungGen      total 21504K, used 20328K [0x00000000d5580000, 0x00000000d6c80000, 0x0000000100000000)
  eden space 19968K, 100% used [0x00000000d5580000,0x00000000d6900000,0x00000000d6900000)
  from space 1536K, 23% used [0x00000000d6980000,0x00000000d69da3a8,0x00000000d6b00000)
  to   space 512K, 0% used [0x00000000d6c00000,0x00000000d6c00000,0x00000000d6c80000)
 ParOldGen       total 68608K, used 42795K [0x0000000080000000, 0x0000000084300000, 0x00000000d5580000)
  object space 68608K, 62% used [0x0000000080000000,0x00000000829caf80,0x0000000084300000)
 Metaspace       used 55917K, committed 57280K, reserved 1114112K
  class space    used 6026K, committed 6656K, reserved 1048576K
}
Event: 53.658 GC heap after
{Heap after GC invocations=32 (full 2):
 PSYoungGen      total 20480K, used 480K [0x00000000d5580000, 0x00000000d6c80000, 0x0000000100000000)
  eden space 19968K, 0% used [0x00000000d5580000,0x00000000d5580000,0x00000000d6900000)
  from space 512K, 93% used [0x00000000d6c00000,0x00000000d6c78040,0x00000000d6c80000)
  to   space 1536K, 0% used [0x00000000d6980000,0x00000000d6980000,0x00000000d6b00000)
 ParOldGen       total 68608K, used 43278K [0x0000000080000000, 0x0000000084300000, 0x00000000d5580000)
  object space 68608K, 63% used [0x0000000080000000,0x0000000082a439d8,0x0000000084300000)
 Metaspace       used 55917K, committed 57280K, reserved 1114112K
  class space    used 6026K, committed 6656K, reserved 1048576K
}
Event: 54.819 GC heap before
{Heap before GC invocations=33 (full 2):
 PSYoungGen      total 20480K, used 20445K [0x00000000d5580000, 0x00000000d6c80000, 0x0000000100000000)
  eden space 19968K, 99% used [0x00000000d5580000,0x00000000d68ff670,0x00000000d6900000)
  from space 512K, 93% used [0x00000000d6c00000,0x00000000d6c78040,0x00000000d6c80000)
  to   space 1536K, 0% used [0x00000000d6980000,0x00000000d6980000,0x00000000d6b00000)
 ParOldGen       total 68608K, used 43278K [0x0000000080000000, 0x0000000084300000, 0x00000000d5580000)
  object space 68608K, 63% used [0x0000000080000000,0x0000000082a439d8,0x0000000084300000)
 Metaspace       used 57670K, committed 59072K, reserved 1114112K
  class space    used 6216K, committed 6848K, reserved 1048576K
}
Event: 54.825 GC heap after
{Heap after GC invocations=33 (full 2):
 PSYoungGen      total 21504K, used 1512K [0x00000000d5580000, 0x00000000d7300000, 0x0000000100000000)
  eden space 19968K, 0% used [0x00000000d5580000,0x00000000d5580000,0x00000000d6900000)
  from space 1536K, 98% used [0x00000000d6980000,0x00000000d6afa3c0,0x00000000d6b00000)
  to   space 5120K, 0% used [0x00000000d6e00000,0x00000000d6e00000,0x00000000d7300000)
 ParOldGen       total 68608K, used 46149K [0x0000000080000000, 0x0000000084300000, 0x00000000d5580000)
  object space 68608K, 67% used [0x0000000080000000,0x0000000082d116b8,0x0000000084300000)
 Metaspace       used 57670K, committed 59072K, reserved 1114112K
  class space    used 6216K, committed 6848K, reserved 1048576K
}
Event: 54.930 GC heap before
{Heap before GC invocations=34 (full 2):
 PSYoungGen      total 21504K, used 6796K [0x00000000d5580000, 0x00000000d7300000, 0x0000000100000000)
  eden space 19968K, 26% used [0x00000000d5580000,0x00000000d5aa8e58,0x00000000d6900000)
  from space 1536K, 98% used [0x00000000d6980000,0x00000000d6afa3c0,0x00000000d6b00000)
  to   space 5120K, 0% used [0x00000000d6e00000,0x00000000d6e00000,0x00000000d7300000)
 ParOldGen       total 68608K, used 46149K [0x0000000080000000, 0x0000000084300000, 0x00000000d5580000)
  object space 68608K, 67% used [0x0000000080000000,0x0000000082d116b8,0x0000000084300000)
 Metaspace       used 58363K, committed 59776K, reserved 1114112K
  class space    used 6300K, committed 6912K, reserved 1048576K
}
Event: 54.933 GC heap after
{Heap after GC invocations=34 (full 2):
 PSYoungGen      total 20480K, used 416K [0x00000000d5580000, 0x00000000d6e80000, 0x0000000100000000)
  eden space 19968K, 0% used [0x00000000d5580000,0x00000000d5580000,0x00000000d6900000)
  from space 512K, 81% used [0x00000000d6e00000,0x00000000d6e68000,0x00000000d6e80000)
  to   space 2048K, 0% used [0x00000000d6a80000,0x00000000d6a80000,0x00000000d6c80000)
 ParOldGen       total 68608K, used 47599K [0x0000000080000000, 0x0000000084300000, 0x00000000d5580000)
  object space 68608K, 69% used [0x0000000080000000,0x0000000082e7beb8,0x0000000084300000)
 Metaspace       used 58363K, committed 59776K, reserved 1114112K
  class space    used 6300K, committed 6912K, reserved 1048576K
}
Event: 54.933 GC heap before
{Heap before GC invocations=35 (full 3):
 PSYoungGen      total 20480K, used 416K [0x00000000d5580000, 0x00000000d6e80000, 0x0000000100000000)
  eden space 19968K, 0% used [0x00000000d5580000,0x00000000d5580000,0x00000000d6900000)
  from space 512K, 81% used [0x00000000d6e00000,0x00000000d6e68000,0x00000000d6e80000)
  to   space 2048K, 0% used [0x00000000d6a80000,0x00000000d6a80000,0x00000000d6c80000)
 ParOldGen       total 68608K, used 47599K [0x0000000080000000, 0x0000000084300000, 0x00000000d5580000)
  object space 68608K, 69% used [0x0000000080000000,0x0000000082e7beb8,0x0000000084300000)
 Metaspace       used 58363K, committed 59776K, reserved 1114112K
  class space    used 6300K, committed 6912K, reserved 1048576K
}
Event: 55.084 GC heap after
{Heap after GC invocations=35 (full 3):
 PSYoungGen      total 20480K, used 0K [0x00000000d5580000, 0x00000000d6e80000, 0x0000000100000000)
  eden space 19968K, 0% used [0x00000000d5580000,0x00000000d5580000,0x00000000d6900000)
  from space 512K, 0% used [0x00000000d6e00000,0x00000000d6e00000,0x00000000d6e80000)
  to   space 2048K, 0% used [0x00000000d6a80000,0x00000000d6a80000,0x00000000d6c80000)
 ParOldGen       total 68608K, used 44956K [0x0000000080000000, 0x0000000084300000, 0x00000000d5580000)
  object space 68608K, 65% used [0x0000000080000000,0x0000000082be71a8,0x0000000084300000)
 Metaspace       used 58305K, committed 59776K, reserved 1114112K
  class space    used 6285K, committed 6912K, reserved 1048576K
}
Event: 55.370 GC heap before
{Heap before GC invocations=36 (full 3):
 PSYoungGen      total 20480K, used 19924K [0x00000000d5580000, 0x00000000d6e80000, 0x0000000100000000)
  eden space 19968K, 99% used [0x00000000d5580000,0x00000000d68f50d0,0x00000000d6900000)
  from space 512K, 0% used [0x00000000d6e00000,0x00000000d6e00000,0x00000000d6e80000)
  to   space 2048K, 0% used [0x00000000d6a80000,0x00000000d6a80000,0x00000000d6c80000)
 ParOldGen       total 68608K, used 44956K [0x0000000080000000, 0x0000000084300000, 0x00000000d5580000)
  object space 68608K, 65% used [0x0000000080000000,0x0000000082be71a8,0x0000000084300000)
 Metaspace       used 59631K, committed 61056K, reserved 1114112K
  class space    used 6421K, committed 7040K, reserved 1048576K
}
Event: 55.374 GC heap after
{Heap after GC invocations=36 (full 3):
 PSYoungGen      total 22016K, used 2020K [0x00000000d5580000, 0x00000000d7600000, 0x0000000100000000)
  eden space 19968K, 0% used [0x00000000d5580000,0x00000000d5580000,0x00000000d6900000)
  from space 2048K, 98% used [0x00000000d6a80000,0x00000000d6c790d0,0x00000000d6c80000)
  to   space 6656K, 0% used [0x00000000d6f80000,0x00000000d6f80000,0x00000000d7600000)
 ParOldGen       total 68608K, used 48331K [0x0000000080000000, 0x0000000084300000, 0x00000000d5580000)
  object space 68608K, 70% used [0x0000000080000000,0x0000000082f32c38,0x0000000084300000)
 Metaspace       used 59631K, committed 61056K, reserved 1114112K
  class space    used 6421K, committed 7040K, reserved 1048576K
}
Event: 56.193 GC heap before
{Heap before GC invocations=37 (full 3):
 PSYoungGen      total 22016K, used 21988K [0x00000000d5580000, 0x00000000d7600000, 0x0000000100000000)
  eden space 19968K, 100% used [0x00000000d5580000,0x00000000d6900000,0x00000000d6900000)
  from space 2048K, 98% used [0x00000000d6a80000,0x00000000d6c790d0,0x00000000d6c80000)
  to   space 6656K, 0% used [0x00000000d6f80000,0x00000000d6f80000,0x00000000d7600000)
 ParOldGen       total 68608K, used 48331K [0x0000000080000000, 0x0000000084300000, 0x00000000d5580000)
  object space 68608K, 70% used [0x0000000080000000,0x0000000082f32c38,0x0000000084300000)
 Metaspace       used 60469K, committed 61888K, reserved 1114112K
  class space    used 6508K, committed 7168K, reserved 1048576K
}
Event: 56.203 GC heap after
{Heap after GC invocations=37 (full 3):
 PSYoungGen      total 26624K, used 5903K [0x00000000d5580000, 0x00000000d7600000, 0x0000000100000000)
  eden space 19968K, 0% used [0x00000000d5580000,0x00000000d5580000,0x00000000d6900000)
  from space 6656K, 88% used [0x00000000d6f80000,0x00000000d7543c48,0x00000000d7600000)
  to   space 6656K, 0% used [0x00000000d6900000,0x00000000d6900000,0x00000000d6f80000)
 ParOldGen       total 68608K, used 50179K [0x0000000080000000, 0x0000000084300000, 0x00000000d5580000)
  object space 68608K, 73% used [0x0000000080000000,0x0000000083100f70,0x0000000084300000)
 Metaspace       used 60469K, committed 61888K, reserved 1114112K
  class space    used 6508K, committed 7168K, reserved 1048576K
}
Event: 57.245 GC heap before
{Heap before GC invocations=38 (full 3):
 PSYoungGen      total 26624K, used 25871K [0x00000000d5580000, 0x00000000d7600000, 0x0000000100000000)
  eden space 19968K, 100% used [0x00000000d5580000,0x00000000d6900000,0x00000000d6900000)
  from space 6656K, 88% used [0x00000000d6f80000,0x00000000d7543c48,0x00000000d7600000)
  to   space 6656K, 0% used [0x00000000d6900000,0x00000000d6900000,0x00000000d6f80000)
 ParOldGen       total 68608K, used 50179K [0x0000000080000000, 0x0000000084300000, 0x00000000d5580000)
  object space 68608K, 73% used [0x0000000080000000,0x0000000083100f70,0x0000000084300000)
 Metaspace       used 62669K, committed 64128K, reserved 1114112K
  class space    used 6753K, committed 7424K, reserved 1048576K
}
Event: 57.262 GC heap after
{Heap after GC invocations=38 (full 3):
 PSYoungGen      total 25088K, used 5113K [0x00000000d5580000, 0x00000000d7400000, 0x0000000100000000)
  eden space 19968K, 0% used [0x00000000d5580000,0x00000000d5580000,0x00000000d6900000)
  from space 5120K, 99% used [0x00000000d6900000,0x00000000d6dfe448,0x00000000d6e00000)
  to   space 5632K, 0% used [0x00000000d6e80000,0x00000000d6e80000,0x00000000d7400000)
 ParOldGen       total 68608K, used 55989K [0x0000000080000000, 0x0000000084300000, 0x00000000d5580000)
  object space 68608K, 81% used [0x0000000080000000,0x00000000836ad7b8,0x0000000084300000)
 Metaspace       used 62669K, committed 64128K, reserved 1114112K
  class space    used 6753K, committed 7424K, reserved 1048576K
}
Event: 58.852 GC heap before
{Heap before GC invocations=39 (full 3):
 PSYoungGen      total 25088K, used 25081K [0x00000000d5580000, 0x00000000d7400000, 0x0000000100000000)
  eden space 19968K, 100% used [0x00000000d5580000,0x00000000d6900000,0x00000000d6900000)
  from space 5120K, 99% used [0x00000000d6900000,0x00000000d6dfe448,0x00000000d6e00000)
  to   space 5632K, 0% used [0x00000000d6e80000,0x00000000d6e80000,0x00000000d7400000)
 ParOldGen       total 68608K, used 55989K [0x0000000080000000, 0x0000000084300000, 0x00000000d5580000)
  object space 68608K, 81% used [0x0000000080000000,0x00000000836ad7b8,0x0000000084300000)
 Metaspace       used 63977K, committed 65472K, reserved 1114112K
  class space    used 6872K, committed 7488K, reserved 1048576K
}
Event: 58.860 GC heap after
{Heap after GC invocations=39 (full 3):
 PSYoungGen      total 21504K, used 1472K [0x00000000d5580000, 0x00000000d7000000, 0x0000000100000000)
  eden space 19968K, 0% used [0x00000000d5580000,0x00000000d5580000,0x00000000d6900000)
  from space 1536K, 95% used [0x00000000d6e80000,0x00000000d6ff0000,0x00000000d7000000)
  to   space 3072K, 0% used [0x00000000d6a00000,0x00000000d6a00000,0x00000000d6d00000)
 ParOldGen       total 68608K, used 60276K [0x0000000080000000, 0x0000000084300000, 0x00000000d5580000)
  object space 68608K, 87% used [0x0000000080000000,0x0000000083add1d0,0x0000000084300000)
 Metaspace       used 63977K, committed 65472K, reserved 1114112K
  class space    used 6872K, committed 7488K, reserved 1048576K
}
Event: 61.050 GC heap before
{Heap before GC invocations=40 (full 3):
 PSYoungGen      total 21504K, used 21438K [0x00000000d5580000, 0x00000000d7000000, 0x0000000100000000)
  eden space 19968K, 99% used [0x00000000d5580000,0x00000000d68ff9a8,0x00000000d6900000)
  from space 1536K, 95% used [0x00000000d6e80000,0x00000000d6ff0000,0x00000000d7000000)
  to   space 3072K, 0% used [0x00000000d6a00000,0x00000000d6a00000,0x00000000d6d00000)
 ParOldGen       total 68608K, used 60276K [0x0000000080000000, 0x0000000084300000, 0x00000000d5580000)
  object space 68608K, 87% used [0x0000000080000000,0x0000000083add1d0,0x0000000084300000)
 Metaspace       used 65228K, committed 66624K, reserved 1114112K
  class space    used 7044K, committed 7680K, reserved 1048576K
}
Event: 61.055 GC heap after
{Heap after GC invocations=40 (full 3):
 PSYoungGen      total 23040K, used 608K [0x00000000d5580000, 0x00000000d6f00000, 0x0000000100000000)
  eden space 19968K, 0% used [0x00000000d5580000,0x00000000d5580000,0x00000000d6900000)
  from space 3072K, 19% used [0x00000000d6a00000,0x00000000d6a98000,0x00000000d6d00000)
  to   space 1536K, 0% used [0x00000000d6d80000,0x00000000d6d80000,0x00000000d6f00000)
 ParOldGen       total 68608K, used 61398K [0x0000000080000000, 0x0000000084300000, 0x00000000d5580000)
  object space 68608K, 89% used [0x0000000080000000,0x0000000083bf59e0,0x0000000084300000)
 Metaspace       used 65228K, committed 66624K, reserved 1114112K
  class space    used 7044K, committed 7680K, reserved 1048576K
}

