# JRE version: OpenJDK Runtime Environment Temurin-21.0.12.1+1 (21.0.12.1+1) (build 21.0.12.1+1-LTS)
# Java VM: OpenJDK 64-Bit Server VM Temurin-21.0.12.1+1 (21.0.12.1+1-LTS, mixed mode, sharing, tiered, compressed oops, compressed class ptrs, parallel gc, windows-amd64)
GC Precious Log:
 CardTable entry size: 512
 CPUs: 4 total, 4 available
 Memory: 3885M
 Large Page Support: Disabled
 NUMA Support: Disabled
 Compressed Oops: Enabled (32-bit)
 Alignments: Space 512K, Generation 512K, Heap 2M
 Heap Min Capacity: 100M
 Heap Initial Capacity: 100M
 Heap Max Capacity: 2G
 Pre-touch: Disabled
 Parallel Workers: 4
Heap:
 PSYoungGen      total 19456K, used 9118K [0x00000000d5580000, 0x00000000d7e80000, 0x0000000100000000)
  eden space 13824K, 25% used [0x00000000d5580000,0x00000000d58ee188,0x00000000d6300000)
  from space 5632K, 99% used [0x00000000d6e00000,0x00000000d7379800,0x00000000d7380000)
  to   space 11264K, 0% used [0x00000000d6300000,0x00000000d6300000,0x00000000d6e00000)
 ParOldGen       total 1398272K, used 50368K [0x0000000080000000, 0x00000000d5580000, 0x00000000d5580000)
  object space 1398272K, 3% used [0x0000000080000000,0x00000000831300c8,0x00000000d5580000)
 Metaspace       used 68739K, committed 70272K, reserved 1114112K
  class space    used 7271K, committed 7936K, reserved 1048576K
GC Heap History (20 events):
Event: 52.500 GC heap before
{Heap before GC invocations=46 (full 3):
 PSYoungGen      total 17408K, used 17392K [0x00000000d5580000, 0x00000000d6a00000, 0x0000000100000000)
  eden space 16896K, 100% used [0x00000000d5580000,0x00000000d6600000,0x00000000d6600000)
  from space 512K, 96% used [0x00000000d6980000,0x00000000d69fc010,0x00000000d6a00000)
  to   space 1024K, 0% used [0x00000000d6800000,0x00000000d6800000,0x00000000d6900000)
 ParOldGen       total 68608K, used 49838K [0x0000000080000000, 0x0000000084300000, 0x00000000d5580000)
  object space 68608K, 72% used [0x0000000080000000,0x00000000830ab9a0,0x0000000084300000)
 Metaspace       used 68463K, committed 69952K, reserved 1114112K
  class space    used 7291K, committed 7936K, reserved 1048576K
}
Event: 52.503 GC heap after
{Heap after GC invocations=46 (full 3):
 PSYoungGen      total 17920K, used 541K [0x00000000d5580000, 0x00000000d6a00000, 0x0000000100000000)
  eden space 16896K, 0% used [0x00000000d5580000,0x00000000d5580000,0x00000000d6600000)
  from space 1024K, 52% used [0x00000000d6800000,0x00000000d6887558,0x00000000d6900000)
  to   space 1024K, 0% used [0x00000000d6900000,0x00000000d6900000,0x00000000d6a00000)
 ParOldGen       total 68608K, used 50280K [0x0000000080000000, 0x0000000084300000, 0x00000000d5580000)
  object space 68608K, 73% used [0x0000000080000000,0x000000008311a088,0x0000000084300000)
 Metaspace       used 68463K, committed 69952K, reserved 1114112K
  class space    used 7291K, committed 7936K, reserved 1048576K
}
Event: 57.790 GC heap before
{Heap before GC invocations=47 (full 3):
 PSYoungGen      total 17920K, used 17437K [0x00000000d5580000, 0x00000000d6a00000, 0x0000000100000000)
  eden space 16896K, 100% used [0x00000000d5580000,0x00000000d6600000,0x00000000d6600000)
  from space 1024K, 52% used [0x00000000d6800000,0x00000000d6887558,0x00000000d6900000)
  to   space 1024K, 0% used [0x00000000d6900000,0x00000000d6900000,0x00000000d6a00000)
 ParOldGen       total 68608K, used 50280K [0x0000000080000000, 0x0000000084300000, 0x00000000d5580000)
  object space 68608K, 73% used [0x0000000080000000,0x000000008311a088,0x0000000084300000)
 Metaspace       used 68832K, committed 70272K, reserved 1114112K
  class space    used 7337K, committed 7936K, reserved 1048576K
}
Event: 57.793 GC heap after
{Heap after GC invocations=47 (full 3):
 PSYoungGen      total 17408K, used 256K [0x00000000d5580000, 0x00000000d6980000, 0x0000000100000000)
  eden space 16896K, 0% used [0x00000000d5580000,0x00000000d5580000,0x00000000d6600000)
  from space 512K, 50% used [0x00000000d6900000,0x00000000d6940000,0x00000000d6980000)
  to   space 512K, 0% used [0x00000000d6880000,0x00000000d6880000,0x00000000d6900000)
 ParOldGen       total 68608K, used 50628K [0x0000000080000000, 0x0000000084300000, 0x00000000d5580000)
  object space 68608K, 73% used [0x0000000080000000,0x00000000831713e0,0x0000000084300000)
 Metaspace       used 68832K, committed 70272K, reserved 1114112K
  class space    used 7337K, committed 7936K, reserved 1048576K
}
Event: 59.522 GC heap before
{Heap before GC invocations=48 (full 3):
 PSYoungGen      total 17408K, used 5750K [0x00000000d5580000, 0x00000000d6980000, 0x0000000100000000)
  eden space 16896K, 32% used [0x00000000d5580000,0x00000000d5addad0,0x00000000d6600000)
  from space 512K, 50% used [0x00000000d6900000,0x00000000d6940000,0x00000000d6980000)
  to   space 512K, 0% used [0x00000000d6880000,0x00000000d6880000,0x00000000d6900000)
 ParOldGen       total 1398272K, used 50628K [0x0000000080000000, 0x00000000d5580000, 0x00000000d5580000)
  object space 1398272K, 3% used [0x0000000080000000,0x00000000831713e0,0x00000000d5580000)
 Metaspace       used 68867K, committed 70272K, reserved 1114112K
  class space    used 7339K, committed 7936K, reserved 1048576K
}
Event: 59.527 GC heap after
{Heap after GC invocations=48 (full 3):
 PSYoungGen      total 17408K, used 506K [0x00000000d5580000, 0x00000000d6980000, 0x0000000100000000)
  eden space 16896K, 0% used [0x00000000d5580000,0x00000000d5580000,0x00000000d6600000)
  from space 512K, 99% used [0x00000000d6880000,0x00000000d68feb88,0x00000000d6900000)
  to   space 512K, 0% used [0x00000000d6900000,0x00000000d6900000,0x00000000d6980000)
 ParOldGen       total 1398272K, used 50954K [0x0000000080000000, 0x00000000d5580000, 0x00000000d5580000)
  object space 1398272K, 3% used [0x0000000080000000,0x00000000831c2870,0x00000000d5580000)
 Metaspace       used 68867K, committed 70272K, reserved 1114112K
  class space    used 7339K, committed 7936K, reserved 1048576K
}
Event: 59.527 GC heap before
{Heap before GC invocations=49 (full 3):
 PSYoungGen      total 17408K, used 506K [0x00000000d5580000, 0x00000000d6980000, 0x0000000100000000)
  eden space 16896K, 0% used [0x00000000d5580000,0x00000000d5580000,0x00000000d6600000)
  from space 512K, 99% used [0x00000000d6880000,0x00000000d68feb88,0x00000000d6900000)
  to   space 512K, 0% used [0x00000000d6900000,0x00000000d6900000,0x00000000d6980000)
 ParOldGen       total 1398272K, used 50954K [0x0000000080000000, 0x00000000d5580000, 0x00000000d5580000)
  object space 1398272K, 3% used [0x0000000080000000,0x00000000831c2870,0x00000000d5580000)
 Metaspace       used 68867K, committed 70272K, reserved 1114112K
  class space    used 7339K, committed 7936K, reserved 1048576K
}
Event: 59.528 GC heap after
{Heap after GC invocations=49 (full 3):
 PSYoungGen      total 19968K, used 0K [0x00000000d5580000, 0x00000000d6b00000, 0x0000000100000000)
  eden space 19456K, 0% used [0x00000000d5580000,0x00000000d5580000,0x00000000d6880000)
  from space 512K, 0% used [0x00000000d6900000,0x00000000d6900000,0x00000000d6980000)
  to   space 512K, 0% used [0x00000000d6880000,0x00000000d6880000,0x00000000d6900000)
 ParOldGen       total 1398272K, used 51455K [0x0000000080000000, 0x00000000d5580000, 0x00000000d5580000)
  object space 1398272K, 3% used [0x0000000080000000,0x000000008323fca0,0x00000000d5580000)
 Metaspace       used 68867K, committed 70272K, reserved 1114112K
  class space    used 7339K, committed 7936K, reserved 1048576K
}
Event: 59.528 GC heap before
{Heap before GC invocations=50 (full 4):
 PSYoungGen      total 19968K, used 0K [0x00000000d5580000, 0x00000000d6b00000, 0x0000000100000000)
  eden space 19456K, 0% used [0x00000000d5580000,0x00000000d5580000,0x00000000d6880000)
  from space 512K, 0% used [0x00000000d6900000,0x00000000d6900000,0x00000000d6980000)
  to   space 512K, 0% used [0x00000000d6880000,0x00000000d6880000,0x00000000d6900000)
 ParOldGen       total 1398272K, used 51455K [0x0000000080000000, 0x00000000d5580000, 0x00000000d5580000)
  object space 1398272K, 3% used [0x0000000080000000,0x000000008323fca0,0x00000000d5580000)
 Metaspace       used 68867K, committed 70272K, reserved 1114112K
  class space    used 7339K, committed 7936K, reserved 1048576K
}
Event: 59.695 GC heap after
{Heap after GC invocations=50 (full 4):
 PSYoungGen      total 19968K, used 0K [0x00000000d5580000, 0x00000000d6e00000, 0x0000000100000000)
  eden space 19456K, 0% used [0x00000000d5580000,0x00000000d5580000,0x00000000d6880000)
  from space 512K, 0% used [0x00000000d6880000,0x00000000d6880000,0x00000000d6900000)
  to   space 512K, 0% used [0x00000000d6d80000,0x00000000d6d80000,0x00000000d6e00000)
 ParOldGen       total 72704K, used 46012K [0x0000000080000000, 0x0000000084700000, 0x00000000d5580000)
  object space 72704K, 63% used [0x0000000080000000,0x0000000082cef2d8,0x0000000084700000)
 Metaspace       used 68867K, committed 70272K, reserved 1114112K
  class space    used 7339K, committed 7936K, reserved 1048576K
}
Event: 59.701 GC heap before
{Heap before GC invocations=51 (full 4):
 PSYoungGen      total 19968K, used 0K [0x00000000d5580000, 0x00000000d6e00000, 0x0000000100000000)
  eden space 19456K, 0% used [0x00000000d5580000,0x00000000d5580000,0x00000000d6880000)
  from space 512K, 0% used [0x00000000d6880000,0x00000000d6880000,0x00000000d6900000)
  to   space 512K, 0% used [0x00000000d6d80000,0x00000000d6d80000,0x00000000d6e00000)
 ParOldGen       total 1398272K, used 46012K [0x0000000080000000, 0x00000000d5580000, 0x00000000d5580000)
  object space 1398272K, 3% used [0x0000000080000000,0x0000000082cef2d8,0x00000000d5580000)
 Metaspace       used 68867K, committed 70272K, reserved 1114112K
  class space    used 7339K, committed 7936K, reserved 1048576K
}
Event: 59.702 GC heap after
{Heap after GC invocations=51 (full 4):
 PSYoungGen      total 19968K, used 0K [0x00000000d5580000, 0x00000000d6e00000, 0x0000000100000000)
  eden space 19456K, 0% used [0x00000000d5580000,0x00000000d5580000,0x00000000d6880000)
  from space 512K, 0% used [0x00000000d6d80000,0x00000000d6d80000,0x00000000d6e00000)
  to   space 512K, 0% used [0x00000000d6880000,0x00000000d6880000,0x00000000d6900000)
 ParOldGen       total 1398272K, used 46012K [0x0000000080000000, 0x00000000d5580000, 0x00000000d5580000)
  object space 1398272K, 3% used [0x0000000080000000,0x0000000082cef2d8,0x00000000d5580000)
 Metaspace       used 68867K, committed 70272K, reserved 1114112K
  class space    used 7339K, committed 7936K, reserved 1048576K
}
Event: 59.702 GC heap before
{Heap before GC invocations=52 (full 5):
 PSYoungGen      total 19968K, used 0K [0x00000000d5580000, 0x00000000d6e00000, 0x0000000100000000)
  eden space 19456K, 0% used [0x00000000d5580000,0x00000000d5580000,0x00000000d6880000)
  from space 512K, 0% used [0x00000000d6d80000,0x00000000d6d80000,0x00000000d6e00000)
  to   space 512K, 0% used [0x00000000d6880000,0x00000000d6880000,0x00000000d6900000)
 ParOldGen       total 1398272K, used 46012K [0x0000000080000000, 0x00000000d5580000, 0x00000000d5580000)
  object space 1398272K, 3% used [0x0000000080000000,0x0000000082cef2d8,0x00000000d5580000)
 Metaspace       used 68867K, committed 70272K, reserved 1114112K
  class space    used 7339K, committed 7936K, reserved 1048576K
}
Event: 59.931 GC heap after
{Heap after GC invocations=52 (full 5):
 PSYoungGen      total 19968K, used 0K [0x00000000d5580000, 0x00000000d6e00000, 0x0000000100000000)
  eden space 19456K, 0% used [0x00000000d5580000,0x00000000d5580000,0x00000000d6880000)
  from space 512K, 0% used [0x00000000d6880000,0x00000000d6880000,0x00000000d6900000)
  to   space 512K, 0% used [0x00000000d6d80000,0x00000000d6d80000,0x00000000d6e00000)
 ParOldGen       total 87040K, used 40894K [0x0000000080000000, 0x0000000085500000, 0x00000000d5580000)
  object space 87040K, 46% used [0x0000000080000000,0x00000000827ef9b8,0x0000000085500000)
 Metaspace       used 68536K, committed 70272K, reserved 1114112K
  class space    used 7249K, committed 7936K, reserved 1048576K
}
Event: 62.459 GC heap before
{Heap before GC invocations=53 (full 5):
 PSYoungGen      total 19968K, used 19456K [0x00000000d5580000, 0x00000000d6e00000, 0x0000000100000000)
  eden space 19456K, 100% used [0x00000000d5580000,0x00000000d6880000,0x00000000d6880000)
  from space 512K, 0% used [0x00000000d6880000,0x00000000d6880000,0x00000000d6900000)
  to   space 512K, 0% used [0x00000000d6d80000,0x00000000d6d80000,0x00000000d6e00000)
 ParOldGen       total 1398272K, used 40894K [0x0000000080000000, 0x00000000d5580000, 0x00000000d5580000)
  object space 1398272K, 2% used [0x0000000080000000,0x00000000827ef9b8,0x00000000d5580000)
 Metaspace       used 68610K, committed 70272K, reserved 1114112K
  class space    used 7250K, committed 7936K, reserved 1048576K
}
Event: 62.464 GC heap after
{Heap after GC invocations=53 (full 5):
 PSYoungGen      total 18944K, used 512K [0x00000000d5580000, 0x00000000d7580000, 0x0000000100000000)
  eden space 18432K, 0% used [0x00000000d5580000,0x00000000d5580000,0x00000000d6780000)
  from space 512K, 100% used [0x00000000d6d80000,0x00000000d6e00000,0x00000000d6e00000)
  to   space 6144K, 0% used [0x00000000d6780000,0x00000000d6780000,0x00000000d6d80000)
 ParOldGen       total 1398272K, used 45320K [0x0000000080000000, 0x00000000d5580000, 0x00000000d5580000)
  object space 1398272K, 3% used [0x0000000080000000,0x0000000082c422f0,0x00000000d5580000)
 Metaspace       used 68610K, committed 70272K, reserved 1114112K
  class space    used 7250K, committed 7936K, reserved 1048576K
}
Event: 62.887 GC heap before
{Heap before GC invocations=54 (full 5):
 PSYoungGen      total 18944K, used 18944K [0x00000000d5580000, 0x00000000d7580000, 0x0000000100000000)
  eden space 18432K, 100% used [0x00000000d5580000,0x00000000d6780000,0x00000000d6780000)
  from space 512K, 100% used [0x00000000d6d80000,0x00000000d6e00000,0x00000000d6e00000)
  to   space 6144K, 0% used [0x00000000d6780000,0x00000000d6780000,0x00000000d6d80000)
 ParOldGen       total 1398272K, used 45320K [0x0000000080000000, 0x00000000d5580000, 0x00000000d5580000)
  object space 1398272K, 3% used [0x0000000080000000,0x0000000082c422f0,0x00000000d5580000)
 Metaspace       used 68660K, committed 70272K, reserved 1114112K
  class space    used 7260K, committed 7936K, reserved 1048576K
}
Event: 62.906 GC heap after
{Heap after GC invocations=54 (full 5):
 PSYoungGen      total 24576K, used 5191K [0x00000000d5580000, 0x00000000d7380000, 0x0000000100000000)
  eden space 18432K, 0% used [0x00000000d5580000,0x00000000d5580000,0x00000000d6780000)
  from space 6144K, 84% used [0x00000000d6780000,0x00000000d6c91e78,0x00000000d6d80000)
  to   space 5632K, 0% used [0x00000000d6e00000,0x00000000d6e00000,0x00000000d7380000)
 ParOldGen       total 1398272K, used 45849K [0x0000000080000000, 0x00000000d5580000, 0x00000000d5580000)
  object space 1398272K, 3% used [0x0000000080000000,0x0000000082cc66a8,0x00000000d5580000)
 Metaspace       used 68660K, committed 70272K, reserved 1114112K
  class space    used 7260K, committed 7936K, reserved 1048576K
}
Event: 63.958 GC heap before
{Heap before GC invocations=55 (full 5):
 PSYoungGen      total 24576K, used 23623K [0x00000000d5580000, 0x00000000d7380000, 0x0000000100000000)
  eden space 18432K, 100% used [0x00000000d5580000,0x00000000d6780000,0x00000000d6780000)
  from space 6144K, 84% used [0x00000000d6780000,0x00000000d6c91e78,0x00000000d6d80000)
  to   space 5632K, 0% used [0x00000000d6e00000,0x00000000d6e00000,0x00000000d7380000)
 ParOldGen       total 1398272K, used 45849K [0x0000000080000000, 0x00000000d5580000, 0x00000000d5580000)
  object space 1398272K, 3% used [0x0000000080000000,0x0000000082cc66a8,0x00000000d5580000)
 Metaspace       used 68693K, committed 70272K, reserved 1114112K
  class space    used 7267K, committed 7936K, reserved 1048576K
}
Event: 63.979 GC heap after
{Heap after GC invocations=55 (full 5):
 PSYoungGen      total 19456K, used 5606K [0x00000000d5580000, 0x00000000d7e80000, 0x0000000100000000)
  eden space 13824K, 0% used [0x00000000d5580000,0x00000000d5580000,0x00000000d6300000)
  from space 5632K, 99% used [0x00000000d6e00000,0x00000000d7379800,0x00000000d7380000)
  to   space 11264K, 0% used [0x00000000d6300000,0x00000000d6300000,0x00000000d6e00000)
 ParOldGen       total 1398272K, used 50368K [0x0000000080000000, 0x00000000d5580000, 0x00000000d5580000)
  object space 1398272K, 3% used [0x0000000080000000,0x00000000831300c8,0x00000000d5580000)
 Metaspace       used 68693K, committed 70272K, reserved 1114112K
  class space    used 7267K, committed 7936K, reserved 1048576K
}

